<?xml version="1.0" encoding="UTF-8"?>
<!-- Generated by org.testng.reporters.JUnitXMLReporter -->
<testsuite hostname="Hardik-Ranjan.local" ignored="0" name="test1" tests="3" failures="0" timestamp="05 Apr 2017 04:53:24 GMT" time="20.081" errors="0">
  <testcase name="verifyHomepage" time="10.624" classname="com.hardik.seleniumAssignment.Operator"/>
  <testcase name="verifyLoginPage" time="9.439" classname="com.hardik.seleniumAssignment.Operator"/>
  <testcase name="verifySignUpPage" time="0.0" classname="com.hardik.seleniumAssignment.Operator"/>
</testsuite> <!-- test1 -->
