<?xml version="1.0" encoding="UTF-8"?>
<testng-results skipped="0" failed="0" ignored="0" total="5" passed="5">
  <reporter-output>
    <line>
      <![CDATA[Reading Respective Property File]]>
    </line>
    <line>
      <![CDATA[Open Chrome Browser]]>
    </line>
    <line>
      <![CDATA[Open Appdirect HomePage]]>
    </line>
    <line>
      <![CDATA[Verify If Appdirect HomePage Title]]>
    </line>
    <line>
      <![CDATA[Verify If Appdirect HomePage is Displayed]]>
    </line>
    <line>
      <![CDATA[Verify If Appdirect Login is Displayed]]>
    </line>
    <line>
      <![CDATA[Verify If Login Page Title is correct]]>
    </line>
    <line>
      <![CDATA[Open SignUp Page]]>
    </line>
    <line>
      <![CDATA[Verify If Appdirect LoginPages is Displayed]]>
    </line>
    <line>
      <![CDATA[Verify If Appdirect SignUp Page is Displayed]]>
    </line>
    <line>
      <![CDATA[Succcessfully SignedUp]]>
    </line>
  </reporter-output>
  <suite name="Default suite" duration-ms="20271" started-at="2017-04-10T07:36:57Z" finished-at="2017-04-10T07:37:18Z">
    <groups>
    </groups>
    <test name="Default test" duration-ms="20271" started-at="2017-04-10T07:36:57Z" finished-at="2017-04-10T07:37:18Z">
      <class name="controller.Operator">
        <test-method status="PASS" signature="Browser()[pri:0, instance:controller.Operator@27c20538]" name="Browser" duration-ms="3522" started-at="2017-04-10T13:06:57Z" finished-at="2017-04-10T13:07:01Z">
          <reporter-output>
            <line>
              <![CDATA[Reading Respective Property File]]>
            </line>
            <line>
              <![CDATA[Open Chrome Browser]]>
            </line>
          </reporter-output>
        </test-method> <!-- Browser -->
        <test-method status="PASS" signature="openHomePage()[pri:0, instance:controller.Operator@27c20538]" name="openHomePage" duration-ms="8306" started-at="2017-04-10T13:07:01Z" depends-on-methods="controller.Operator.Browser" finished-at="2017-04-10T13:07:09Z">
          <reporter-output>
            <line>
              <![CDATA[Open Appdirect HomePage]]>
            </line>
            <line>
              <![CDATA[Verify If Appdirect HomePage Title]]>
            </line>
            <line>
              <![CDATA[Verify If Appdirect HomePage is Displayed]]>
            </line>
          </reporter-output>
        </test-method> <!-- openHomePage -->
        <test-method status="PASS" signature="checkLoginPage()[pri:0, instance:controller.Operator@27c20538]" name="checkLoginPage" duration-ms="7473" started-at="2017-04-10T13:07:09Z" depends-on-methods="controller.Operator.openHomePage" finished-at="2017-04-10T13:07:17Z">
          <reporter-output>
            <line>
              <![CDATA[Verify If Appdirect Login is Displayed]]>
            </line>
            <line>
              <![CDATA[Verify If Login Page Title is correct]]>
            </line>
            <line>
              <![CDATA[Open SignUp Page]]>
            </line>
            <line>
              <![CDATA[Verify If Appdirect LoginPages is Displayed]]>
            </line>
          </reporter-output>
        </test-method> <!-- checkLoginPage -->
        <test-method status="PASS" signature="checkSignUpPage()[pri:0, instance:controller.Operator@27c20538]" name="checkSignUpPage" duration-ms="250" started-at="2017-04-10T13:07:17Z" depends-on-methods="controller.Operator.checkLoginPage" finished-at="2017-04-10T13:07:17Z">
          <reporter-output>
            <line>
              <![CDATA[Verify If Appdirect SignUp Page is Displayed]]>
            </line>
          </reporter-output>
        </test-method> <!-- checkSignUpPage -->
        <test-method status="PASS" signature="verifySuccessFailure()[pri:0, instance:controller.Operator@27c20538]" name="verifySuccessFailure" duration-ms="577" started-at="2017-04-10T13:07:17Z" depends-on-methods="controller.Operator.checkSignUpPage" finished-at="2017-04-10T13:07:17Z">
          <reporter-output>
            <line>
              <![CDATA[Succcessfully SignedUp]]>
            </line>
          </reporter-output>
        </test-method> <!-- verifySuccessFailure -->
        <test-method status="PASS" signature="theEnd()[pri:0, instance:controller.Operator@27c20538]" name="theEnd" is-config="true" duration-ms="121" started-at="2017-04-10T13:07:17Z" finished-at="2017-04-10T13:07:18Z">
          <reporter-output>
          </reporter-output>
        </test-method> <!-- theEnd -->
      </class> <!-- controller.Operator -->
    </test> <!-- Default test -->
  </suite> <!-- Default suite -->
</testng-results>
